<?xml version="1.0" encoding="UTF-8"?>
<testng-results ignored="0" total="1" passed="1" failed="0" skipped="0">
  <reporter-output>
  </reporter-output>
  <suite started-at="2024-01-09T22:45:08 IST" name="Default suite" finished-at="2024-01-09T22:45:16 IST" duration-ms="7841">
    <groups>
    </groups>
    <test started-at="2024-01-09T22:45:08 IST" name="Default test" finished-at="2024-01-09T22:45:16 IST" duration-ms="7841">
      <class name="testngpkg.Datadriven">
        <test-method is-config="true" signature="Setup()[pri:0, instance:testngpkg.Datadriven@59505b48]" started-at="2024-01-09T22:45:08 IST" name="Setup" finished-at="2024-01-09T22:45:11 IST" duration-ms="3736" status="PASS">
          <reporter-output>
          </reporter-output>
        </test-method> <!-- Setup -->
        <test-method signature="signup()[pri:0, instance:testngpkg.Datadriven@59505b48]" started-at="2024-01-09T22:45:11 IST" name="signup" finished-at="2024-01-09T22:45:16 IST" duration-ms="4071" status="PASS">
          <reporter-output>
          </reporter-output>
        </test-method> <!-- signup -->
      </class> <!-- testngpkg.Datadriven -->
    </test> <!-- Default test -->
  </suite> <!-- Default suite -->
</testng-results>
